Using pre-set license
Built from '6000.1/staging' branch; Version is '6000.1.4f1 (03270eb687c6) revision 206606'; Using compiler version '194234433'; Build Type 'Release'
OS: 'Windows 11  (10.0.26100) 64bit Professional' Language: 'en' Physical Memory: 16099 MB
BatchMode: 1, IsHumanControllingUs: 0, StartBugReporterOnCrash: 0, Is64bit: 1, IsPro: 1
Date: 2025-07-05T08:36:52Z

COMMAND LINE ARGUMENTS:
D:\Unity\6000.1.4f1\Editor\Unity.exe
-adb2
-batchMode
-noUpm
-name
AssetImportWorker0
-projectPath
D:/Unity/Projects/Sist-main
-logFile
Logs/AssetImportWorker0.log
-srvPort
50250
-job-worker-count
3
-background-job-worker-count
8
-gc-helper-count
1
-name
AssetImport
Successfully changed project path to: D:/Unity/Projects/Sist-main
D:/Unity/Projects/Sist-main
[UnityMemory] Configuration Parameters - Can be set up in boot.config
    "memorysetup-allocator-temp-initial-block-size-main=262144"
    "memorysetup-allocator-temp-initial-block-size-worker=262144"
    "memorysetup-bucket-allocator-granularity=16"
    "memorysetup-bucket-allocator-bucket-count=8"
    "memorysetup-bucket-allocator-block-size=33554432"
    "memorysetup-bucket-allocator-block-count=8"
    "memorysetup-main-allocator-block-size=16777216"
    "memorysetup-thread-allocator-block-size=16777216"
    "memorysetup-gfx-main-allocator-block-size=16777216"
    "memorysetup-gfx-thread-allocator-block-size=16777216"
    "memorysetup-cache-allocator-block-size=4194304"
    "memorysetup-typetree-allocator-block-size=2097152"
    "memorysetup-profiler-bucket-allocator-granularity=16"
    "memorysetup-profiler-bucket-allocator-bucket-count=8"
    "memorysetup-profiler-bucket-allocator-block-size=33554432"
    "memorysetup-profiler-bucket-allocator-block-count=8"
    "memorysetup-profiler-allocator-block-size=16777216"
    "memorysetup-profiler-editor-allocator-block-size=1048576"
    "memorysetup-temp-allocator-size-main=16777216"
    "memorysetup-job-temp-allocator-block-size=2097152"
    "memorysetup-job-temp-allocator-block-size-background=1048576"
    "memorysetup-job-temp-allocator-reduction-small-platforms=262144"
    "memorysetup-temp-allocator-size-background-worker=32768"
    "memorysetup-temp-allocator-size-job-worker=262144"
    "memorysetup-temp-allocator-size-preload-manager=33554432"
    "memorysetup-temp-allocator-size-nav-mesh-worker=65536"
    "memorysetup-temp-allocator-size-audio-worker=65536"
    "memorysetup-temp-allocator-size-cloud-worker=32768"
    "memorysetup-temp-allocator-size-gi-baking-worker=262144"
    "memorysetup-temp-allocator-size-gi-baking-worker=262144"
    "memorysetup-temp-allocator-size-gi-baking-worker=262144"
    "memorysetup-temp-allocator-size-gi-baking-worker=262144"
    "memorysetup-temp-allocator-size-gi-baking-worker=262144"
    "memorysetup-temp-allocator-size-gfx=262144"
Player connection [5568]  Target information:

Player connection [5568]  * "[IP] 192.168.1.4 [Port] 0 [Flags] 2 [Guid] 3490284521 [EditorId] 3490284521 [Version] 1048832 [Id] WindowsEditor(7,Don-Cornelius-PC) [Debug] 1 [PackageName] WindowsEditor [ProjectName] Editor" 

Player connection [5568] Host joined multi-casting on [225.0.0.222:54997]...
Player connection [5568] Host joined alternative multi-casting on [225.0.0.222:34997]...
JobSystem: Creating JobQueue using job-worker-count value 3
Input System module state changed to: Initialized.
[Physics::Module] Initialized fallback backend.
[Physics::Module] Id: 0xdecafbad
Library Redirect Path: Library/
[Physics::Module] Selected backend.
[Physics::Module] Name: PhysX
[Physics::Module] Id: 0xf2b8ea05
[Physics::Module] SDK Version: 4.1.2
[Physics::Module] Integration Version: 1.0.0
[Physics::Module] Threading Mode: Multi-Threaded
Refreshing native plugins compatible for Editor in 5.69 ms, found 3 plugins.
Preloading 0 native plugins for Editor in 0.00 ms.
Initialize engine version: 6000.1.4f1 (03270eb687c6)
[Subsystems] Discovering subsystems at path D:/Unity/6000.1.4f1/Editor/Data/Resources/UnitySubsystems
[Subsystems] Discovering subsystems at path D:/Unity/Projects/Sist-main/Assets
GfxDevice: creating device client; kGfxThreadingModeNonThreaded
Direct3D:
    Version:         Direct3D 12 [level 12.1]
    Renderer:        Intel(R) UHD Graphics 620 (ID=0x3ea0)
    Vendor:          Intel
    VRAM:            8049 MB
    App VRAM Budget: 7391 MB
    Driver:          30.0.101.1692
    Unified Memory Architecture
    Cache Coherent UMA
Initialize mono
Mono path[0] = 'D:/Unity/6000.1.4f1/Editor/Data/Managed'
Mono path[1] = 'D:/Unity/6000.1.4f1/Editor/Data/MonoBleedingEdge/lib/mono/unityjit-win32'
Mono config path = 'D:/Unity/6000.1.4f1/Editor/Data/MonoBleedingEdge/etc'
Using monoOptions --debugger-agent=transport=dt_socket,embedding=1,server=y,suspend=n,address=127.0.0.1:56932
Begin MonoManager ReloadAssembly
Registering precompiled unity dll's ...
Register platform support module: D:/Unity/6000.1.4f1/Editor/Data/PlaybackEngines/WebGLSupport/UnityEditor.WebGL.Extensions.dll
Register platform support module: D:/Unity/6000.1.4f1/Editor/Data/PlaybackEngines/WindowsStandaloneSupport/UnityEditor.WindowsStandalone.Extensions.dll
Registered in 0.005454 seconds.
- Loaded All Assemblies, in  1.532 seconds
Native extension for WindowsStandalone target not found
Native extension for WebGL target not found
Mono: successfully reloaded assembly
- Finished resetting the current domain, in  1.806 seconds
Domain Reload Profiling: 3338ms
	BeginReloadAssembly (507ms)
		ExecutionOrderSort (0ms)
		DisableScriptedObjects (0ms)
		BackupInstance (0ms)
		ReleaseScriptingObjects (0ms)
		CreateAndSetChildDomain (3ms)
	RebuildCommonClasses (182ms)
	RebuildNativeTypeToScriptingClass (64ms)
	initialDomainReloadingComplete (178ms)
	LoadAllAssembliesAndSetupDomain (599ms)
		LoadAssemblies (504ms)
		RebuildTransferFunctionScriptingTraits (0ms)
		AnalyzeDomain (589ms)
			TypeCache.Refresh (583ms)
				TypeCache.ScanAssembly (528ms)
			BuildScriptInfoCaches (1ms)
			ResolveRequiredComponents (2ms)
	FinalizeReload (1809ms)
		ReleaseScriptCaches (0ms)
		RebuildScriptCaches (0ms)
		SetupLoadedEditorAssemblies (1625ms)
			LogAssemblyErrors (0ms)
			InitializePlatformSupportModulesInManaged (290ms)
			SetLoadedEditorAssemblies (17ms)
			BeforeProcessingInitializeOnLoad (345ms)
			ProcessInitializeOnLoadAttributes (672ms)
			ProcessInitializeOnLoadMethodAttributes (301ms)
			AfterProcessingInitializeOnLoad (0ms)
			EditorAssembliesLoaded (0ms)
		ExecutionOrderSort2 (0ms)
		AwakeInstancesAfterBackupRestoration (0ms)
========================================================================
Worker process is ready to serve import requests
Import Worker Mode flag is 0x00
Begin MonoManager ReloadAssembly
- Loaded All Assemblies, in  2.160 seconds
Refreshing native plugins compatible for Editor in 2.51 ms, found 3 plugins.
Native extension for WindowsStandalone target not found
Native extension for WebGL target not found
Mono: successfully reloaded assembly
- Finished resetting the current domain, in  2.755 seconds
Domain Reload Profiling: 4913ms
	BeginReloadAssembly (740ms)
		ExecutionOrderSort (0ms)
		DisableScriptedObjects (29ms)
		BackupInstance (0ms)
		ReleaseScriptingObjects (0ms)
		CreateAndSetChildDomain (95ms)
	RebuildCommonClasses (154ms)
	RebuildNativeTypeToScriptingClass (69ms)
	initialDomainReloadingComplete (127ms)
	LoadAllAssembliesAndSetupDomain (1066ms)
		LoadAssemblies (950ms)
		RebuildTransferFunctionScriptingTraits (0ms)
		AnalyzeDomain (563ms)
			TypeCache.Refresh (475ms)
				TypeCache.ScanAssembly (443ms)
			BuildScriptInfoCaches (66ms)
			ResolveRequiredComponents (15ms)
	FinalizeReload (2756ms)
		ReleaseScriptCaches (0ms)
		RebuildScriptCaches (0ms)
		SetupLoadedEditorAssemblies (2397ms)
			LogAssemblyErrors (0ms)
			InitializePlatformSupportModulesInManaged (7ms)
			SetLoadedEditorAssemblies (12ms)
			BeforeProcessingInitializeOnLoad (437ms)
			ProcessInitializeOnLoadAttributes (1865ms)
			ProcessInitializeOnLoadMethodAttributes (72ms)
			AfterProcessingInitializeOnLoad (4ms)
			EditorAssembliesLoaded (0ms)
		ExecutionOrderSort2 (0ms)
		AwakeInstancesAfterBackupRestoration (28ms)
Launched and connected shader compiler UnityShaderCompiler.exe after 0.03 seconds
Refreshing native plugins compatible for Editor in 1.85 ms, found 3 plugins.
Preloading 0 native plugins for Editor in 0.00 ms.
Unloading 8 Unused Serialized files (Serialized files now loaded: 0)
Unloading 3718 unused Assets / (1.6 MB). Loaded Objects now: 4207.
Memory consumption went from 83.8 MB to 82.2 MB.
Total: 16.906100 ms (FindLiveObjects: 0.668200 ms CreateObjectMapping: 0.747500 ms MarkObjects: 12.571000 ms  DeleteObjects: 2.916600 ms)

========================================================================
Received Import Request.
  Time since last request: 2135.708189 seconds.
  path: Assets/SimpleSky
  artifactKey: Guid(4941fdead0d825548971306892f63c67) Importer(815301076,1909f56bfc062723c751e8b465ee728b)
Start importing Assets/SimpleSky using Guid(4941fdead0d825548971306892f63c67) Importer(815301076,1909f56bfc062723c751e8b465ee728b) (PreviewImporter) -> (artifact id: 'e95983ccc789e903995def4110209082') in 0.014578 seconds
Number of updated asset objects reloaded before import = 0Number of asset objects unloaded after import = 0

========================================================================
Received Import Request.
  Time since last request: 0.000024 seconds.
  path: Assets/Scenes
  artifactKey: Guid(9c53962885c2c4f449125a979d6ad240) Importer(815301076,1909f56bfc062723c751e8b465ee728b)
Start importing Assets/Scenes using Guid(9c53962885c2c4f449125a979d6ad240) Importer(815301076,1909f56bfc062723c751e8b465ee728b) (PreviewImporter) -> (artifact id: 'd65b75f456837a3494a5e6e744543932') in 0.0007246 seconds
Number of updated asset objects reloaded before import = 0Number of asset objects unloaded after import = 0

========================================================================
Received Import Request.
  Time since last request: 281.998700 seconds.
  path: Assets/school/props
  artifactKey: Guid(c851fb25127db034c84b47a6c0b2547d) Importer(815301076,1909f56bfc062723c751e8b465ee728b)
Start importing Assets/school/props using Guid(c851fb25127db034c84b47a6c0b2547d) Importer(815301076,1909f56bfc062723c751e8b465ee728b) (PreviewImporter) -> (artifact id: 'f33ee4a435bcd7598e28f8e3c04bcfbe') in 0.0018367 seconds
Number of updated asset objects reloaded before import = 0Number of asset objects unloaded after import = 0

========================================================================
Received Import Request.
  Time since last request: 6.447898 seconds.
  path: Assets/Old Table&Chair/Models
  artifactKey: Guid(c1b733dd4ad44584ea58e3f3afaf85a2) Importer(815301076,1909f56bfc062723c751e8b465ee728b)
Start importing Assets/Old Table&Chair/Models using Guid(c1b733dd4ad44584ea58e3f3afaf85a2) Importer(815301076,1909f56bfc062723c751e8b465ee728b) (PreviewImporter) -> (artifact id: 'e03623d93da36a8fde391aa10a2d4c28') in 0.000523 seconds
Number of updated asset objects reloaded before import = 0Number of asset objects unloaded after import = 0

========================================================================
Received Import Request.
  Time since last request: 0.082700 seconds.
  path: Assets/Old Table&Chair/Models/Chair_01.obj
  artifactKey: Guid(097f5eccbd570544ab1f37b655204335) Importer(815301076,1909f56bfc062723c751e8b465ee728b)
Start importing Assets/Old Table&Chair/Models/Chair_01.obj using Guid(097f5eccbd570544ab1f37b655204335) Importer(815301076,1909f56bfc062723c751e8b465ee728b) (PreviewImporter) -> (artifact id: '25b0091d603b38250505ea39b473d4e2') in 0.3958156 seconds
Number of updated asset objects reloaded before import = 0Number of asset objects unloaded after import = 10

========================================================================
Received Import Request.
  Time since last request: 5.993960 seconds.
  path: Assets/Aquaset
  artifactKey: Guid(c3e77b77daa249e43b341ea46cf894c8) Importer(815301076,1909f56bfc062723c751e8b465ee728b)
Start importing Assets/Aquaset using Guid(c3e77b77daa249e43b341ea46cf894c8) Importer(815301076,1909f56bfc062723c751e8b465ee728b) (PreviewImporter) -> (artifact id: 'a38ae767503aabfbcfadde8638920217') in 0.0005615 seconds
Number of updated asset objects reloaded before import = 0Number of asset objects unloaded after import = 0

========================================================================
Received Import Request.
  Time since last request: 2.665529 seconds.
  path: Assets/Aquaset/Marble Materials
  artifactKey: Guid(a9a5e9475d0a3f345b8e541c17fd9248) Importer(815301076,1909f56bfc062723c751e8b465ee728b)
Start importing Assets/Aquaset/Marble Materials using Guid(a9a5e9475d0a3f345b8e541c17fd9248) Importer(815301076,1909f56bfc062723c751e8b465ee728b) (PreviewImporter) -> (artifact id: '8e2e9448fd3eb3731cbaa1d8962bbdee') in 0.0005954 seconds
Number of updated asset objects reloaded before import = 0Number of asset objects unloaded after import = 0

========================================================================
Received Import Request.
  Time since last request: 0.124679 seconds.
  path: Assets/Aquaset/Marble Materials/Default_colored_marble_tile_0.png
  artifactKey: Guid(929fcf98f31c70e46bb35c6f67a185cd) Importer(815301076,1909f56bfc062723c751e8b465ee728b)
Start importing Assets/Aquaset/Marble Materials/Default_colored_marble_tile_0.png using Guid(929fcf98f31c70e46bb35c6f67a185cd) Importer(815301076,1909f56bfc062723c751e8b465ee728b) (PreviewImporter) -> (artifact id: '3e629606572592d349247848f83221b2') in 0.0287611 seconds
Number of updated asset objects reloaded before import = 0Number of asset objects unloaded after import = 2

========================================================================
Received Import Request.
  Time since last request: 0.000027 seconds.
  path: Assets/Aquaset/Marble Materials/Default_colored_marble_tile_3.png
  artifactKey: Guid(cd40df88583cfa744a3646e95f23b596) Importer(815301076,1909f56bfc062723c751e8b465ee728b)
Start importing Assets/Aquaset/Marble Materials/Default_colored_marble_tile_3.png using Guid(cd40df88583cfa744a3646e95f23b596) Importer(815301076,1909f56bfc062723c751e8b465ee728b) (PreviewImporter) -> (artifact id: '143c06f68ec73a2812db84ab41b680d8') in 0.034364 seconds
Number of updated asset objects reloaded before import = 0Number of asset objects unloaded after import = 2

========================================================================
Received Import Request.
  Time since last request: 0.000059 seconds.
  path: Assets/Aquaset/Marble Materials/Default_colorful_marble_tile_1.png
  artifactKey: Guid(1a51d528e633f9547b9f3242248c16a0) Importer(815301076,1909f56bfc062723c751e8b465ee728b)
Start importing Assets/Aquaset/Marble Materials/Default_colorful_marble_tile_1.png using Guid(1a51d528e633f9547b9f3242248c16a0) Importer(815301076,1909f56bfc062723c751e8b465ee728b) (PreviewImporter) -> (artifact id: '8e34e0dfb9de6f80a719c4314e04b53f') in 0.0341274 seconds
Number of updated asset objects reloaded before import = 0Number of asset objects unloaded after import = 2

========================================================================
Received Import Request.
  Time since last request: 0.000071 seconds.
  path: Assets/Aquaset/Marble Materials/Default_marble_tile_2 (1).png
  artifactKey: Guid(ce14d8d6faa201740a99fcb759b06842) Importer(815301076,1909f56bfc062723c751e8b465ee728b)
Start importing Assets/Aquaset/Marble Materials/Default_marble_tile_2 (1).png using Guid(ce14d8d6faa201740a99fcb759b06842) Importer(815301076,1909f56bfc062723c751e8b465ee728b) (PreviewImporter) -> (artifact id: '592dd816359217180dddef8e8a242c3b') in 0.0332691 seconds
Number of updated asset objects reloaded before import = 0Number of asset objects unloaded after import = 2

========================================================================
Received Import Request.
  Time since last request: 0.000023 seconds.
  path: Assets/Aquaset/Marble Materials/Default_marble_tile_1 (2).png
  artifactKey: Guid(5753ed1b9b4505b498f2a59efc8b0a6c) Importer(815301076,1909f56bfc062723c751e8b465ee728b)
Start importing Assets/Aquaset/Marble Materials/Default_marble_tile_1 (2).png using Guid(5753ed1b9b4505b498f2a59efc8b0a6c) Importer(815301076,1909f56bfc062723c751e8b465ee728b) (PreviewImporter) -> (artifact id: 'fc4402f5f45fd74243429723dda1d45a') in 0.0389091 seconds
Number of updated asset objects reloaded before import = 0Number of asset objects unloaded after import = 2

========================================================================
Received Import Request.
  Time since last request: 0.000034 seconds.
  path: Assets/Aquaset/Marble Materials/Default_marble_tile_1.png
  artifactKey: Guid(4d27ea2e021febd4d8829cc859610133) Importer(815301076,1909f56bfc062723c751e8b465ee728b)
Start importing Assets/Aquaset/Marble Materials/Default_marble_tile_1.png using Guid(4d27ea2e021febd4d8829cc859610133) Importer(815301076,1909f56bfc062723c751e8b465ee728b) (PreviewImporter) -> (artifact id: '3686dd223cbb10baf504d4c9a24122ee') in 0.0374468 seconds
Number of updated asset objects reloaded before import = 0Number of asset objects unloaded after import = 2

========================================================================
Received Import Request.
  Time since last request: 0.000034 seconds.
  path: Assets/Aquaset/Marble Materials/Default_colored_marble_tile_2 (1).png
  artifactKey: Guid(97bf756116090b74baeefb51e635e9ae) Importer(815301076,1909f56bfc062723c751e8b465ee728b)
Start importing Assets/Aquaset/Marble Materials/Default_colored_marble_tile_2 (1).png using Guid(97bf756116090b74baeefb51e635e9ae) Importer(815301076,1909f56bfc062723c751e8b465ee728b) (PreviewImporter) -> (artifact id: 'a9252707f259dde8b0122e2e9f54356e') in 0.047116 seconds
Number of updated asset objects reloaded before import = 0Number of asset objects unloaded after import = 2

========================================================================
Received Import Request.
  Time since last request: 0.000032 seconds.
  path: Assets/Aquaset/Marble Materials/Default_colored_marble_tile_3 (2).png
  artifactKey: Guid(7e80ccc9a1112df46b8d2c65f97c9799) Importer(815301076,1909f56bfc062723c751e8b465ee728b)
Start importing Assets/Aquaset/Marble Materials/Default_colored_marble_tile_3 (2).png using Guid(7e80ccc9a1112df46b8d2c65f97c9799) Importer(815301076,1909f56bfc062723c751e8b465ee728b) (PreviewImporter) -> (artifact id: '0c5be4748e281e6365aea96ef52e09d2') in 0.0375591 seconds
Number of updated asset objects reloaded before import = 0Number of asset objects unloaded after import = 2

========================================================================
Received Import Request.
  Time since last request: 298.112887 seconds.
  path: Assets/Aquaset/Marble Materials/Materials
  artifactKey: Guid(a61904956ca9ba44cb261affecfc2d5d) Importer(815301076,1909f56bfc062723c751e8b465ee728b)
Start importing Assets/Aquaset/Marble Materials/Materials using Guid(a61904956ca9ba44cb261affecfc2d5d) Importer(815301076,1909f56bfc062723c751e8b465ee728b) (PreviewImporter) -> (artifact id: 'b080f5bec481e0de75ea3d9070917e54') in 0.0019949 seconds
Number of updated asset objects reloaded before import = 0Number of asset objects unloaded after import = 0

========================================================================
Received Import Request.
  Time since last request: 0.095574 seconds.
  path: Assets/Aquaset/Marble Materials/Materials/Default_colored_marble_tile_0.mat
  artifactKey: Guid(48341319586e80f4fb193394ac3196b0) Importer(815301076,1909f56bfc062723c751e8b465ee728b)
Start importing Assets/Aquaset/Marble Materials/Materials/Default_colored_marble_tile_0.mat using Guid(48341319586e80f4fb193394ac3196b0) Importer(815301076,1909f56bfc062723c751e8b465ee728b) (PreviewImporter) -> (artifact id: '5cc88c71369c9493e88a53035b4ed333') in 0.0410714 seconds
Number of updated asset objects reloaded before import = 0Number of asset objects unloaded after import = 2

========================================================================
Received Import Request.
  Time since last request: 0.000025 seconds.
  path: Assets/Aquaset/Marble Materials/Materials/Default_marble_tile_1 (2).mat
  artifactKey: Guid(9f8971833b3df5a47a791deff4e10f78) Importer(815301076,1909f56bfc062723c751e8b465ee728b)
Start importing Assets/Aquaset/Marble Materials/Materials/Default_marble_tile_1 (2).mat using Guid(9f8971833b3df5a47a791deff4e10f78) Importer(815301076,1909f56bfc062723c751e8b465ee728b) (PreviewImporter) -> (artifact id: '11a59711c91ca4cb28c666e8e8ea41c6') in 0.0341001 seconds
Number of updated asset objects reloaded before import = 0Number of asset objects unloaded after import = 2

========================================================================
Received Import Request.
  Time since last request: 0.000047 seconds.
  path: Assets/Aquaset/Marble Materials/Materials/Default_colored_marble_tile_3 (2).mat
  artifactKey: Guid(8e2fd3428dd0b454d951582084dd70be) Importer(815301076,1909f56bfc062723c751e8b465ee728b)
Start importing Assets/Aquaset/Marble Materials/Materials/Default_colored_marble_tile_3 (2).mat using Guid(8e2fd3428dd0b454d951582084dd70be) Importer(815301076,1909f56bfc062723c751e8b465ee728b) (PreviewImporter) -> (artifact id: '9657e713925b630e4ae76c4f9c64b30c') in 0.0358268 seconds
Number of updated asset objects reloaded before import = 0Number of asset objects unloaded after import = 2

========================================================================
Received Import Request.
  Time since last request: 0.000043 seconds.
  path: Assets/Aquaset/Marble Materials/Materials/Default_colored_marble_tile_3.mat
  artifactKey: Guid(b7174eb63ba39cf4a99c711762c5dbe1) Importer(815301076,1909f56bfc062723c751e8b465ee728b)
Start importing Assets/Aquaset/Marble Materials/Materials/Default_colored_marble_tile_3.mat using Guid(b7174eb63ba39cf4a99c711762c5dbe1) Importer(815301076,1909f56bfc062723c751e8b465ee728b) (PreviewImporter) -> (artifact id: 'f320f184c77b04be42bc39a63f722fb0') in 0.0346104 seconds
Number of updated asset objects reloaded before import = 0Number of asset objects unloaded after import = 2

========================================================================
Received Import Request.
  Time since last request: 0.000094 seconds.
  path: Assets/Aquaset/Marble Materials/Materials/Default_colored_marble_tile_2 (1).mat
  artifactKey: Guid(de230bb0757a45f4bbfd069ad8725755) Importer(815301076,1909f56bfc062723c751e8b465ee728b)
Start importing Assets/Aquaset/Marble Materials/Materials/Default_colored_marble_tile_2 (1).mat using Guid(de230bb0757a45f4bbfd069ad8725755) Importer(815301076,1909f56bfc062723c751e8b465ee728b) (PreviewImporter) -> (artifact id: 'ec55b9f36ad63e29a8ef38de909ee705') in 0.0397594 seconds
Number of updated asset objects reloaded before import = 0Number of asset objects unloaded after import = 2

========================================================================
Received Import Request.
  Time since last request: 0.000029 seconds.
  path: Assets/Aquaset/Marble Materials/Materials/Default_vibrant_colored_marble_tile_0.mat
  artifactKey: Guid(dc378072e7d7e1b4591f86ac631eb8e4) Importer(815301076,1909f56bfc062723c751e8b465ee728b)
Start importing Assets/Aquaset/Marble Materials/Materials/Default_vibrant_colored_marble_tile_0.mat using Guid(dc378072e7d7e1b4591f86ac631eb8e4) Importer(815301076,1909f56bfc062723c751e8b465ee728b) (PreviewImporter) -> (artifact id: '1a88d581342cbfed2bd3e2b1625e32fe') in 0.041304 seconds
Number of updated asset objects reloaded before import = 0Number of asset objects unloaded after import = 2

========================================================================
Received Import Request.
  Time since last request: 0.000031 seconds.
  path: Assets/Aquaset/Marble Materials/Materials/Default_colorful_marble_tile_0.mat
  artifactKey: Guid(16faf8014dd42bf4e969f5d2920dab28) Importer(815301076,1909f56bfc062723c751e8b465ee728b)
Start importing Assets/Aquaset/Marble Materials/Materials/Default_colorful_marble_tile_0.mat using Guid(16faf8014dd42bf4e969f5d2920dab28) Importer(815301076,1909f56bfc062723c751e8b465ee728b) (PreviewImporter) -> (artifact id: '9e5696bc50839d7ff17af6c94a557565') in 0.0376487 seconds
Number of updated asset objects reloaded before import = 0Number of asset objects unloaded after import = 2

========================================================================
Received Import Request.
  Time since last request: 0.000034 seconds.
  path: Assets/Aquaset/Marble Materials/Materials/Default_vibrant_colored_marble_tile_1.mat
  artifactKey: Guid(1e0f6b03569b95b4da93e3c6858a56f9) Importer(815301076,1909f56bfc062723c751e8b465ee728b)
Start importing Assets/Aquaset/Marble Materials/Materials/Default_vibrant_colored_marble_tile_1.mat using Guid(1e0f6b03569b95b4da93e3c6858a56f9) Importer(815301076,1909f56bfc062723c751e8b465ee728b) (PreviewImporter) -> (artifact id: '7361629b91a919c9fc2bc01d27ee1c90') in 0.0368218 seconds
Number of updated asset objects reloaded before import = 0Number of asset objects unloaded after import = 2

========================================================================
Received Import Request.
  Time since last request: 4833.941490 seconds.
  path: Assets/Old Table&Chair/Materials/Chair_01.mat
  artifactKey: Guid(a0d2d5a352353b5439eaa31740a0436f) Importer(815301076,1909f56bfc062723c751e8b465ee728b)
Start importing Assets/Old Table&Chair/Materials/Chair_01.mat using Guid(a0d2d5a352353b5439eaa31740a0436f) Importer(815301076,1909f56bfc062723c751e8b465ee728b) (PreviewImporter) -> (artifact id: '7fb9cbcd7dc62054955505a654643476') in 0.280371 seconds
Number of updated asset objects reloaded before import = 0Number of asset objects unloaded after import = 5

========================================================================
Received Import Request.
  Time since last request: 63.778878 seconds.
  path: Assets/school/props/a door.fbx
  artifactKey: Guid(a1b64279c34bd0a49abf18b790a099b4) Importer(815301076,1909f56bfc062723c751e8b465ee728b)
Start importing Assets/school/props/a door.fbx using Guid(a1b64279c34bd0a49abf18b790a099b4) Importer(815301076,1909f56bfc062723c751e8b465ee728b) (PreviewImporter) -> (artifact id: '25f77a4f4a462aab4f5b1f3260d3ff4a') in 0.0647919 seconds
Number of updated asset objects reloaded before import = 0Number of asset objects unloaded after import = 13

========================================================================
Received Import Request.
  Time since last request: 0.000025 seconds.
  path: Assets/school/props/book12.fbx
  artifactKey: Guid(d26fd69ae663eb24a85bb3506b3e3b91) Importer(815301076,1909f56bfc062723c751e8b465ee728b)
Start importing Assets/school/props/book12.fbx using Guid(d26fd69ae663eb24a85bb3506b3e3b91) Importer(815301076,1909f56bfc062723c751e8b465ee728b) (PreviewImporter) -> (artifact id: '684b6d4ac03dc687056e9da57365d4d5') in 0.0532977 seconds
Number of updated asset objects reloaded before import = 0Number of asset objects unloaded after import = 8

========================================================================
Received Import Request.
  Time since last request: 0.000062 seconds.
  path: Assets/school/props/book11.fbx
  artifactKey: Guid(469050c7eb8ed64428b8fb7604b109fb) Importer(815301076,1909f56bfc062723c751e8b465ee728b)
Start importing Assets/school/props/book11.fbx using Guid(469050c7eb8ed64428b8fb7604b109fb) Importer(815301076,1909f56bfc062723c751e8b465ee728b) (PreviewImporter) -> (artifact id: 'ef5ee90a089f068c335f7e993135d193') in 0.0503427 seconds
Number of updated asset objects reloaded before import = 0Number of asset objects unloaded after import = 8

========================================================================
Received Import Request.
  Time since last request: 0.000022 seconds.
  path: Assets/school/props/book13.fbx
  artifactKey: Guid(2ac56e37ab0b8c84d8aa8020fb2082b2) Importer(815301076,1909f56bfc062723c751e8b465ee728b)
Start importing Assets/school/props/book13.fbx using Guid(2ac56e37ab0b8c84d8aa8020fb2082b2) Importer(815301076,1909f56bfc062723c751e8b465ee728b) (PreviewImporter) -> (artifact id: '0b77fac1fb879881be39a3c36357ce9b') in 0.0437009 seconds
Number of updated asset objects reloaded before import = 0Number of asset objects unloaded after import = 8

========================================================================
Received Import Request.
  Time since last request: 0.000052 seconds.
  path: Assets/school/props/book5.fbx
  artifactKey: Guid(20a2100985022e94da9960c7ad02d896) Importer(815301076,1909f56bfc062723c751e8b465ee728b)
Start importing Assets/school/props/book5.fbx using Guid(20a2100985022e94da9960c7ad02d896) Importer(815301076,1909f56bfc062723c751e8b465ee728b) (PreviewImporter) -> (artifact id: 'af333509c8a13777d0b32b2a90e8d0ae') in 0.0511021 seconds
Number of updated asset objects reloaded before import = 0Number of asset objects unloaded after import = 8

========================================================================
Received Import Request.
  Time since last request: 0.000027 seconds.
  path: Assets/school/props/book3.fbx
  artifactKey: Guid(2d9b54e7ef3d1a94eb9be4f4dd931319) Importer(815301076,1909f56bfc062723c751e8b465ee728b)
Start importing Assets/school/props/book3.fbx using Guid(2d9b54e7ef3d1a94eb9be4f4dd931319) Importer(815301076,1909f56bfc062723c751e8b465ee728b) (PreviewImporter) -> (artifact id: '150ecdab01cb653eb231c5aa3ad92c7f') in 0.0552145 seconds
Number of updated asset objects reloaded before import = 0Number of asset objects unloaded after import = 8

========================================================================
Received Import Request.
  Time since last request: 0.000028 seconds.
  path: Assets/school/props/book16.fbx
  artifactKey: Guid(804dc1b5bcbda42449135bc1c93de072) Importer(815301076,1909f56bfc062723c751e8b465ee728b)
Start importing Assets/school/props/book16.fbx using Guid(804dc1b5bcbda42449135bc1c93de072) Importer(815301076,1909f56bfc062723c751e8b465ee728b) (PreviewImporter) -> (artifact id: '5459b77ed77c10cbd3a0de79f70cd996') in 0.046532 seconds
Number of updated asset objects reloaded before import = 0Number of asset objects unloaded after import = 8

========================================================================
Received Import Request.
  Time since last request: 0.000030 seconds.
  path: Assets/school/props/board.fbx
  artifactKey: Guid(5613243e699c34046bcf679855532f68) Importer(815301076,1909f56bfc062723c751e8b465ee728b)
Start importing Assets/school/props/board.fbx using Guid(5613243e699c34046bcf679855532f68) Importer(815301076,1909f56bfc062723c751e8b465ee728b) (PreviewImporter) -> (artifact id: 'f4e2b614735360249c226b8ba6820e7f') in 0.053989 seconds
Number of updated asset objects reloaded before import = 0Number of asset objects unloaded after import = 8

========================================================================
Received Import Request.
  Time since last request: 0.000056 seconds.
  path: Assets/school/props/book6.fbx
  artifactKey: Guid(9ba47c7a82616534bbe4f5bc55bfee77) Importer(815301076,1909f56bfc062723c751e8b465ee728b)
Start importing Assets/school/props/book6.fbx using Guid(9ba47c7a82616534bbe4f5bc55bfee77) Importer(815301076,1909f56bfc062723c751e8b465ee728b) (PreviewImporter) -> (artifact id: '6459e2a35e0eb8264e0aa6bbb67ef3fc') in 0.0537849 seconds
Number of updated asset objects reloaded before import = 0Number of asset objects unloaded after import = 8

========================================================================
Received Import Request.
  Time since last request: 0.000032 seconds.
  path: Assets/school/props/a laptop.fbx
  artifactKey: Guid(6a3802d04cb8d4e4d8e354e4a4098cba) Importer(815301076,1909f56bfc062723c751e8b465ee728b)
Start importing Assets/school/props/a laptop.fbx using Guid(6a3802d04cb8d4e4d8e354e4a4098cba) Importer(815301076,1909f56bfc062723c751e8b465ee728b) (PreviewImporter) -> (artifact id: 'bd24ae0fec7539bdaa63ba9b8c03bf59') in 0.0507698 seconds
Number of updated asset objects reloaded before import = 0Number of asset objects unloaded after import = 8

========================================================================
Received Import Request.
  Time since last request: 0.000024 seconds.
  path: Assets/school/props/book.fbx
  artifactKey: Guid(fe29f3a55c29a794a8d6a3d12b9aca96) Importer(815301076,1909f56bfc062723c751e8b465ee728b)
Start importing Assets/school/props/book.fbx using Guid(fe29f3a55c29a794a8d6a3d12b9aca96) Importer(815301076,1909f56bfc062723c751e8b465ee728b) (PreviewImporter) -> (artifact id: '7aff87628b5b032a9e9e9e38e7abec1a') in 0.0511636 seconds
Number of updated asset objects reloaded before import = 0Number of asset objects unloaded after import = 8

========================================================================
Received Import Request.
  Time since last request: 0.000048 seconds.
  path: Assets/school/props/board1.fbx
  artifactKey: Guid(2096cda62bf772342bc7a4aeda6e4a67) Importer(815301076,1909f56bfc062723c751e8b465ee728b)
Start importing Assets/school/props/board1.fbx using Guid(2096cda62bf772342bc7a4aeda6e4a67) Importer(815301076,1909f56bfc062723c751e8b465ee728b) (PreviewImporter) -> (artifact id: 'e582e987481858f7a57f23045863681c') in 0.0541914 seconds
Number of updated asset objects reloaded before import = 0Number of asset objects unloaded after import = 8

========================================================================
Received Import Request.
  Time since last request: 0.000030 seconds.
  path: Assets/school/props/book15.fbx
  artifactKey: Guid(684a936c3957cd24f9bdc028cf0fff01) Importer(815301076,1909f56bfc062723c751e8b465ee728b)
Start importing Assets/school/props/book15.fbx using Guid(684a936c3957cd24f9bdc028cf0fff01) Importer(815301076,1909f56bfc062723c751e8b465ee728b) (PreviewImporter) -> (artifact id: '7b57d13b1f708e4faad75920a72d1e97') in 0.048886 seconds
Number of updated asset objects reloaded before import = 0Number of asset objects unloaded after import = 8

========================================================================
Received Import Request.
  Time since last request: 2.294374 seconds.
  path: Assets/school/props/bus.fbx
  artifactKey: Guid(7f54a7cb15b227045b46f8cf3ff5ea83) Importer(815301076,1909f56bfc062723c751e8b465ee728b)
Start importing Assets/school/props/bus.fbx using Guid(7f54a7cb15b227045b46f8cf3ff5ea83) Importer(815301076,1909f56bfc062723c751e8b465ee728b) (PreviewImporter) -> (artifact id: '3c1e7979e6c0f22e91ce7edb9ead54d9') in 0.1157773 seconds
Number of updated asset objects reloaded before import = 0Number of asset objects unloaded after import = 23

========================================================================
Received Import Request.
  Time since last request: 0.000075 seconds.
  path: Assets/school/props/chair.fbx
  artifactKey: Guid(d7345a77f785f4041aa505b0645df651) Importer(815301076,1909f56bfc062723c751e8b465ee728b)
Start importing Assets/school/props/chair.fbx using Guid(d7345a77f785f4041aa505b0645df651) Importer(815301076,1909f56bfc062723c751e8b465ee728b) (PreviewImporter) -> (artifact id: '2bf2fb9c58ce9452189401a9bda3a4f3') in 0.056273 seconds
Number of updated asset objects reloaded before import = 0Number of asset objects unloaded after import = 8

========================================================================
Received Import Request.
  Time since last request: 0.000023 seconds.
  path: Assets/school/props/computer.fbx
  artifactKey: Guid(19da5e77d15e6b246ae6557f5f4c3cbe) Importer(815301076,1909f56bfc062723c751e8b465ee728b)
Start importing Assets/school/props/computer.fbx using Guid(19da5e77d15e6b246ae6557f5f4c3cbe) Importer(815301076,1909f56bfc062723c751e8b465ee728b) (PreviewImporter) -> (artifact id: 'edd416a9e730adc5a8b751066c0d83d7') in 0.0493451 seconds
Number of updated asset objects reloaded before import = 0Number of asset objects unloaded after import = 8

========================================================================
Received Import Request.
  Time since last request: 0.544177 seconds.
  path: Assets/school/props/fire.fbx
  artifactKey: Guid(400505d5a5ae5cc47bc16dc4307f2c04) Importer(815301076,1909f56bfc062723c751e8b465ee728b)
Start importing Assets/school/props/fire.fbx using Guid(400505d5a5ae5cc47bc16dc4307f2c04) Importer(815301076,1909f56bfc062723c751e8b465ee728b) (PreviewImporter) -> (artifact id: '671053cd14bc07135259a24f48bcc238') in 0.0628235 seconds
Number of updated asset objects reloaded before import = 0Number of asset objects unloaded after import = 8

========================================================================
Received Import Request.
  Time since last request: 0.000020 seconds.
  path: Assets/school/props/locker.fbx
  artifactKey: Guid(a92e660226b52b745a9b7bc5e9794051) Importer(815301076,1909f56bfc062723c751e8b465ee728b)
Start importing Assets/school/props/locker.fbx using Guid(a92e660226b52b745a9b7bc5e9794051) Importer(815301076,1909f56bfc062723c751e8b465ee728b) (PreviewImporter) -> (artifact id: '181850afbc8f2536f6a5b0bcdc54584d') in 0.0496655 seconds
Number of updated asset objects reloaded before import = 0Number of asset objects unloaded after import = 8

========================================================================
Received Import Request.
  Time since last request: 0.000036 seconds.
  path: Assets/school/props/locker_1.fbx
  artifactKey: Guid(6c66e7ddb4e3bf94e8581dbdbd34d601) Importer(815301076,1909f56bfc062723c751e8b465ee728b)
Start importing Assets/school/props/locker_1.fbx using Guid(6c66e7ddb4e3bf94e8581dbdbd34d601) Importer(815301076,1909f56bfc062723c751e8b465ee728b) (PreviewImporter) -> (artifact id: '74cabae634c5e16bb58394b31c807143') in 0.0545252 seconds
Number of updated asset objects reloaded before import = 0Number of asset objects unloaded after import = 8

========================================================================
Received Import Request.
  Time since last request: 0.000034 seconds.
  path: Assets/school/props/locker2.fbx
  artifactKey: Guid(3116c0cc8ed12dc4c9fbd857167ae184) Importer(815301076,1909f56bfc062723c751e8b465ee728b)
Start importing Assets/school/props/locker2.fbx using Guid(3116c0cc8ed12dc4c9fbd857167ae184) Importer(815301076,1909f56bfc062723c751e8b465ee728b) (PreviewImporter) -> (artifact id: 'aeb3aebbde7a9a7c32a537e180b00052') in 0.0539278 seconds
Number of updated asset objects reloaded before import = 0Number of asset objects unloaded after import = 8

========================================================================
Received Import Request.
  Time since last request: 3.627943 seconds.
  path: Assets/school/props/locker_3.fbx
  artifactKey: Guid(2ef5cccbf9af996448903a637411876a) Importer(815301076,1909f56bfc062723c751e8b465ee728b)
Start importing Assets/school/props/locker_3.fbx using Guid(2ef5cccbf9af996448903a637411876a) Importer(815301076,1909f56bfc062723c751e8b465ee728b) (PreviewImporter) -> (artifact id: 'd06527abeda29bcc2219dccb8aa90dd1') in 0.0441552 seconds
Number of updated asset objects reloaded before import = 0Number of asset objects unloaded after import = 8

========================================================================
Received Import Request.
  Time since last request: 0.000055 seconds.
  path: Assets/school/props/locker_5.fbx
  artifactKey: Guid(7b076f4bc078820418c69918ad1d12e8) Importer(815301076,1909f56bfc062723c751e8b465ee728b)
Start importing Assets/school/props/locker_5.fbx using Guid(7b076f4bc078820418c69918ad1d12e8) Importer(815301076,1909f56bfc062723c751e8b465ee728b) (PreviewImporter) -> (artifact id: '557f06c1fc19984ebe10f9cf8a80badc') in 0.0588317 seconds
Number of updated asset objects reloaded before import = 0Number of asset objects unloaded after import = 8

========================================================================
Received Import Request.
  Time since last request: 0.000025 seconds.
  path: Assets/school/props/rack1.fbx
  artifactKey: Guid(3d58d5cb75277704fbee090d5dc98394) Importer(815301076,1909f56bfc062723c751e8b465ee728b)
Start importing Assets/school/props/rack1.fbx using Guid(3d58d5cb75277704fbee090d5dc98394) Importer(815301076,1909f56bfc062723c751e8b465ee728b) (PreviewImporter) -> (artifact id: 'b5cb7d1de28d299e354a9acd1cc4e81f') in 1.2133009 seconds
Number of updated asset objects reloaded before import = 0Number of asset objects unloaded after import = 577

========================================================================
Received Import Request.
  Time since last request: 0.000108 seconds.
  path: Assets/school/props/showcase.fbx
  artifactKey: Guid(f368751ca30ac2647a4ec4ce8fed3c88) Importer(815301076,1909f56bfc062723c751e8b465ee728b)
Start importing Assets/school/props/showcase.fbx using Guid(f368751ca30ac2647a4ec4ce8fed3c88) Importer(815301076,1909f56bfc062723c751e8b465ee728b) (PreviewImporter) -> (artifact id: 'a7bf6b2eec0c86417845660f34cb337d') in 0.0589084 seconds
Number of updated asset objects reloaded before import = 0Number of asset objects unloaded after import = 8

========================================================================
Received Import Request.
  Time since last request: 0.000079 seconds.
  path: Assets/school/props/wall001.fbx
  artifactKey: Guid(674bca1160f50d546aaac5b261a08000) Importer(815301076,1909f56bfc062723c751e8b465ee728b)
Start importing Assets/school/props/wall001.fbx using Guid(674bca1160f50d546aaac5b261a08000) Importer(815301076,1909f56bfc062723c751e8b465ee728b) (PreviewImporter) -> (artifact id: '9d027f0cde2c577bf93137b13c4502ca') in 0.0675933 seconds
Number of updated asset objects reloaded before import = 0Number of asset objects unloaded after import = 13

========================================================================
Received Import Request.
  Time since last request: 0.000033 seconds.
  path: Assets/school/props/table1.fbx
  artifactKey: Guid(e7eb5a1adad305d49967b1f111709dbc) Importer(815301076,1909f56bfc062723c751e8b465ee728b)
Start importing Assets/school/props/table1.fbx using Guid(e7eb5a1adad305d49967b1f111709dbc) Importer(815301076,1909f56bfc062723c751e8b465ee728b) (PreviewImporter) -> (artifact id: '50f98373b10dbfd6f8d5e656402685d6') in 0.0499537 seconds
Number of updated asset objects reloaded before import = 0Number of asset objects unloaded after import = 8

